#
# There is insufficient memory for the Java Runtime Environment to continue.
# Native memory allocation (mmap) failed to map 266338304 bytes for G1 virtual space
# Possible reasons:
#   The system is out of physical RAM or swap space
#   The process is running with CompressedOops enabled, and the Java Heap may be blocking the growth of the native heap
# Possible solutions:
#   Reduce memory load on the system
#   Increase physical memory or swap space
#   Check if swap backing store is full
#   Decrease Java heap size (-Xmx/-Xms)
#   Decrease number of Java threads
#   Decrease Java thread stack sizes (-Xss)
#   Set larger code cache with -XX:ReservedCodeCacheSize=
#   JVM is running with Zero Based Compressed Oops mode in which the Java heap is
#     placed in the first 32GB address space. The Java Heap base address is the
#     maximum limit for the native heap growth. Please use -XX:HeapBaseMinAddress
#     to set the Java Heap base and to place the Java Heap above 32GB virtual address.
# This output file may be truncated or incomplete.
#
#  Out of Memory Error (os_windows.cpp:3530), pid=4064, tid=22588
#
# JRE version:  (18.0.1.1+2) (build )
# Java VM: Java HotSpot(TM) 64-Bit Server VM (18.0.1.1+2-6, mixed mode, sharing, tiered, compressed oops, compressed class ptrs, g1 gc, windows-amd64)
# No core dump will be written. Minidumps are not enabled by default on client versions of Windows
#

---------------  S U M M A R Y ------------

Command Line: -Dfile.encoding=windows-1252 -XX:+ShowCodeDetailsInExceptionMessages projectPokedex.Main

Host: Intel(R) Core(TM) i7-10750H CPU @ 2.60GHz, 12 cores, 15G,  Windows 11 , 64 bit Build 22621 (10.0.22621.755)
Time: Thu Dec  1 02:29:35 2022 Eastern Standard Time elapsed time: 0.011866 seconds (0d 0h 0m 0s)

---------------  T H R E A D  ---------------

Current thread (0x000001babfb24660):  JavaThread "Unknown thread" [_thread_in_vm, id=22588, stack(0x00000001d9600000,0x00000001d9700000)]

Stack: [0x00000001d9600000,0x00000001d9700000]
Native frames: (J=compiled Java code, j=interpreted, Vv=VM code, C=native code)
V  [jvm.dll+0x69887a]
V  [jvm.dll+0x7f38bd]
V  [jvm.dll+0x7f51ce]
V  [jvm.dll+0x7f5883]
V  [jvm.dll+0x25ca3f]
V  [jvm.dll+0x6957c9]
V  [jvm.dll+0x68a2fa]
V  [jvm.dll+0x321efb]
V  [jvm.dll+0x3298d6]
V  [jvm.dll+0x37e47e]
V  [jvm.dll+0x37e6af]
V  [jvm.dll+0x2f9c7a]
V  [jvm.dll+0x2facdd]
V  [jvm.dll+0x7c24f0]
V  [jvm.dll+0x38b801]
V  [jvm.dll+0x7a1203]
V  [jvm.dll+0x40d6bf]
V  [jvm.dll+0x40f091]
C  [jli.dll+0x526b]
C  [ucrtbase.dll+0x29363]
C  [KERNEL32.DLL+0x1244d]
C  [ntdll.dll+0x5dfb8]


---------------  P R O C E S S  ---------------

Threads class SMR info:
_java_thread_list=0x00007ffaee4fd550, length=0, elements={
}

Java Threads: ( => current thread )

Other Threads:
  0x000001babfb93540 WorkerThread "GC Thread#0" [stack: 0x00000001d9700000,0x00000001d9800000] [id=5884]
  0x000001babfba4470 ConcurrentGCThread "G1 Main Marker" [stack: 0x00000001d9800000,0x00000001d9900000] [id=13284]
  0x000001babfba6880 WorkerThread "G1 Conc#0" [stack: 0x00000001d9900000,0x00000001d9a00000] [id=29168]

[error occurred during error reporting (printing all threads), id 0xc0000005, EXCEPTION_ACCESS_VIOLATION (0xc0000005) at pc=0x00007ffaedd2a217]

VM state: not at safepoint (not fully initialized)

VM Mutex/Monitor currently owned by a thread:  ([mutex/lock_event])
[0x000001babfb1f430] Heap_lock - owner thread: 0x000001babfb24660

Heap address: 0x0000000702a00000, size: 4054 MB, Compressed Oops mode: Zero based, Oop shift amount: 3

CDS archive(s) mapped at: [0x0000000000000000-0x0000000000000000-0x0000000000000000), size 0, SharedBaseAddress: 0x0000000800000000, ArchiveRelocationMode: 0.
Narrow klass base: 0x0000000000000000, Narrow klass shift: 0, Narrow klass range: 0x0

GC Precious Log:
 CardTable entry size: 512
 Card Set container configuration: InlinePtr #cards 4 size 8 Array Of Cards #cards 16 size 48 Howl #buckets 8 coarsen threshold 3686 Howl Bitmap #cards 512 size 80 coarsen threshold 460 Card regions per heap region 1 cards per card region 4096

Heap:
 garbage-first heap   total 0K, used 0K [0x0000000702a00000, 0x0000000800000000)
  region size 2048K, 0 young (0K), 0 survivors (0K)

[error occurred during error reporting (printing heap information), id 0xc0000005, EXCEPTION_ACCESS_VIOLATION (0xc0000005) at pc=0x00007ffaee110cb9]

GC Heap History (0 events):
No events

Deoptimization events (0 events):
No events

Classes loaded (0 events):
No events

Classes unloaded (0 events):
No events

Classes redefined (0 events):
No events

Internal exceptions (0 events):
No events

VM Operations (0 events):
No events

Events (1 events):
Event: 0.008 Loaded shared library S:\software\class related software\jdk-18_windows-x64_bin\jdk-18.0.1.1\bin\java.dll


Dynamic libraries:
0x00007ff733970000 - 0x00007ff733980000 	S:\software\class related software\jdk-18_windows-x64_bin\jdk-18.0.1.1\bin\javaw.exe
0x00007ffb6c4d0000 - 0x00007ffb6c6e4000 	C:\WINDOWS\SYSTEM32\ntdll.dll
0x00007ffb6af00000 - 0x00007ffb6afc2000 	C:\WINDOWS\System32\KERNEL32.DLL
0x00007ffb69900000 - 0x00007ffb69c9d000 	C:\WINDOWS\System32\KERNELBASE.dll
0x0000000055920000 - 0x0000000055c50000 	C:\Program Files\Norton Security\NortonData\22.20.5.40\Definitions\IPSDefs\20221130.061\IPSEng64.dll
0x00007ffb6c3e0000 - 0x00007ffb6c48e000 	C:\WINDOWS\System32\ADVAPI32.dll
0x00007ffb6aa90000 - 0x00007ffb6ab37000 	C:\WINDOWS\System32\msvcrt.dll
0x00007ffb6a2d0000 - 0x00007ffb6a374000 	C:\WINDOWS\System32\sechost.dll
0x00007ffb6bd20000 - 0x00007ffb6be35000 	C:\WINDOWS\System32\RPCRT4.dll
0x00007ffb6b120000 - 0x00007ffb6b128000 	C:\WINDOWS\System32\PSAPI.DLL
0x00007ffb6a0f0000 - 0x00007ffb6a201000 	C:\WINDOWS\System32\ucrtbase.dll
0x00007ffb43920000 - 0x00007ffb4393a000 	S:\software\class related software\jdk-18_windows-x64_bin\jdk-18.0.1.1\bin\VCRUNTIME140.dll
0x00007ffb43940000 - 0x00007ffb43958000 	S:\software\class related software\jdk-18_windows-x64_bin\jdk-18.0.1.1\bin\jli.dll
0x00007ffb6ba40000 - 0x00007ffb6bbea000 	C:\WINDOWS\System32\USER32.dll
0x00007ffb69ed0000 - 0x00007ffb69ef6000 	C:\WINDOWS\System32\win32u.dll
0x00007ffb58da0000 - 0x00007ffb5902e000 	C:\WINDOWS\WinSxS\amd64_microsoft.windows.common-controls_6595b64144ccf1df_6.0.22621.608_none_a9444ca7c10bb01d\COMCTL32.dll
0x00007ffb6bbf0000 - 0x00007ffb6bc19000 	C:\WINDOWS\System32\GDI32.dll
0x00007ffb69ca0000 - 0x00007ffb69db2000 	C:\WINDOWS\System32\gdi32full.dll
0x00007ffb69e30000 - 0x00007ffb69eca000 	C:\WINDOWS\System32\msvcp_win.dll
0x00007ffb63350000 - 0x00007ffb6335a000 	C:\WINDOWS\SYSTEM32\VERSION.dll
0x00007ffb6b0e0000 - 0x00007ffb6b112000 	C:\WINDOWS\System32\IMM32.DLL
0x00007ffb5e610000 - 0x00007ffb5e61c000 	S:\software\class related software\jdk-18_windows-x64_bin\jdk-18.0.1.1\bin\vcruntime140_1.dll
0x00007ffb38480000 - 0x00007ffb3850d000 	S:\software\class related software\jdk-18_windows-x64_bin\jdk-18.0.1.1\bin\msvcp140.dll
0x00007ffaeda20000 - 0x00007ffaee630000 	S:\software\class related software\jdk-18_windows-x64_bin\jdk-18.0.1.1\bin\server\jvm.dll
0x00007ffb62890000 - 0x00007ffb628c4000 	C:\WINDOWS\SYSTEM32\WINMM.dll
0x00007ffb67760000 - 0x00007ffb67769000 	C:\WINDOWS\SYSTEM32\WSOCK32.dll
0x00007ffb6afd0000 - 0x00007ffb6b041000 	C:\WINDOWS\System32\WS2_32.dll
0x00007ffb68a20000 - 0x00007ffb68a38000 	C:\WINDOWS\SYSTEM32\kernel.appcore.dll
0x00007ffb5e320000 - 0x00007ffb5e32a000 	S:\software\class related software\jdk-18_windows-x64_bin\jdk-18.0.1.1\bin\jimage.dll
0x00007ffb67330000 - 0x00007ffb6755e000 	C:\WINDOWS\SYSTEM32\DBGHELP.DLL
0x00007ffb6c050000 - 0x00007ffb6c3da000 	C:\WINDOWS\System32\combase.dll
0x00007ffb6a900000 - 0x00007ffb6a9d7000 	C:\WINDOWS\System32\OLEAUT32.dll
0x00007ffb53070000 - 0x00007ffb530a2000 	C:\WINDOWS\SYSTEM32\dbgcore.DLL
0x00007ffb6a070000 - 0x00007ffb6a0eb000 	C:\WINDOWS\System32\bcryptPrimitives.dll
0x00007ffb3f530000 - 0x00007ffb3f555000 	S:\software\class related software\jdk-18_windows-x64_bin\jdk-18.0.1.1\bin\java.dll

dbghelp: loaded successfully - version: 4.0.5 - missing functions: none
symbol engine: initialized successfully - sym options: 0x614 - pdb path: .;S:\software\class related software\jdk-18_windows-x64_bin\jdk-18.0.1.1\bin;C:\WINDOWS\SYSTEM32;C:\Program Files\Norton Security\NortonData\22.20.5.40\Definitions\IPSDefs\20221130.061;C:\WINDOWS\WinSxS\amd64_microsoft.windows.common-controls_6595b64144ccf1df_6.0.22621.608_none_a9444ca7c10bb01d;S:\software\class related software\jdk-18_windows-x64_bin\jdk-18.0.1.1\bin\server

VM Arguments:
jvm_args: -Dfile.encoding=windows-1252 -XX:+ShowCodeDetailsInExceptionMessages 
java_command: projectPokedex.Main
java_class_path (initial): C:\Users\idiot\eclipse-workspace\ProjectPokedesk\bin;S:\software\class related software\UCanAccess-5.0.1.bin\UCanAccess-5.0.1.bin\ucanaccess-5.0.1.jar;S:\software\class related software\UCanAccess-5.0.1.bin\UCanAccess-5.0.1.bin\lib\commons-lang3-3.8.1.jar;S:\software\class related software\UCanAccess-5.0.1.bin\UCanAccess-5.0.1.bin\lib\commons-logging-1.2.jar;S:\software\class related software\UCanAccess-5.0.1.bin\UCanAccess-5.0.1.bin\lib\hsqldb-2.5.0.jar;S:\software\class related software\UCanAccess-5.0.1.bin\UCanAccess-5.0.1.bin\lib\jackcess-3.0.1.jar
Launcher Type: SUN_STANDARD

[Global flags]
     intx CICompilerCount                          = 4                                         {product} {ergonomic}
     uint ConcGCThreads                            = 3                                         {product} {ergonomic}
     uint G1ConcRefinementThreads                  = 10                                        {product} {ergonomic}
   size_t G1HeapRegionSize                         = 2097152                                   {product} {ergonomic}
    uintx GCDrainStackTargetSize                   = 64                                        {product} {ergonomic}
   size_t InitialHeapSize                          = 266338304                                 {product} {ergonomic}
   size_t MarkStackSize                            = 4194304                                   {product} {ergonomic}
   size_t MaxHeapSize                              = 4250927104                                {product} {ergonomic}
   size_t MinHeapDeltaBytes                        = 2097152                                   {product} {ergonomic}
   size_t MinHeapSize                              = 8388608                                   {product} {ergonomic}
    uintx NonNMethodCodeHeapSize                   = 5839372                                {pd product} {ergonomic}
    uintx NonProfiledCodeHeapSize                  = 122909434                              {pd product} {ergonomic}
    uintx ProfiledCodeHeapSize                     = 122909434                              {pd product} {ergonomic}
    uintx ReservedCodeCacheSize                    = 251658240                              {pd product} {ergonomic}
     bool SegmentedCodeCache                       = true                                      {product} {ergonomic}
     bool ShowCodeDetailsInExceptionMessages       = true                                   {manageable} {command line}
   size_t SoftMaxHeapSize                          = 4250927104                             {manageable} {ergonomic}
     bool UseCompressedClassPointers               = true                           {product lp64_product} {ergonomic}
     bool UseCompressedOops                        = true                           {product lp64_product} {ergonomic}
     bool UseG1GC                                  = true                                      {product} {ergonomic}
     bool UseLargePagesIndividualAllocation        = false                                  {pd product} {ergonomic}

Logging:
Log output configuration:
 #0: stdout all=warning uptime,level,tags foldmultilines=false
 #1: stderr all=off uptime,level,tags foldmultilines=false

Environment Variables:
PATH=C:/Users/idiot/.p2/pool/plugins/org.eclipse.justj.openjdk.hotspot.jre.full.win32.x86_64_17.0.5.v20221102-0933/jre/bin/server;C:/Users/idiot/.p2/pool/plugins/org.eclipse.justj.openjdk.hotspot.jre.full.win32.x86_64_17.0.5.v20221102-0933/jre/bin;C:\Windows\system32;C:\Windows;C:\Windows\System32\Wbem;C:\Windows\System32\WindowsPowerShell\v1.0\;C:\Windows\System32\OpenSSH\;C:\Program Files (x86)\NVIDIA Corporation\PhysX\Common;C:\Program Files\NVIDIA Corporation\NVIDIA NvDLISR;C:\WINDOWS\system32;C:\WINDOWS;C:\WINDOWS\System32\Wbem;C:\WINDOWS\System32\WindowsPowerShell\v1.0\;C:\WINDOWS\System32\OpenSSH\;C:\Program Files\MySQL\MySQL Shell 8.0\bin\;C:\Users\idiot\AppData\Local\Microsoft\WindowsApps;;C:\WINDOWS\System32;
USERNAME=pokeo
OS=Windows_NT
PROCESSOR_IDENTIFIER=Intel64 Family 6 Model 165 Stepping 2, GenuineIntel



---------------  S Y S T E M  ---------------

OS:
 Windows 11 , 64 bit Build 22621 (10.0.22621.755)
OS uptime: 8 days 4:16 hours
Hyper-V role detected

CPU: total 12 (initial active 12) (6 cores per cpu, 2 threads per core) family 6 model 165 stepping 2 microcode 0xe0, cx8, cmov, fxsr, ht, mmx, 3dnowpref, sse, sse2, sse3, ssse3, sse4.1, sse4.2, popcnt, lzcnt, tsc, tscinvbit, avx, avx2, aes, erms, clmul, bmi1, bmi2, adx, fma, vzeroupper, clflush, clflushopt, hv

Memory: 4k page, system-wide physical 16215M (4403M free)
TotalPageFile size 31620M (AvailPageFile size 252M)
current process WorkingSet (physical memory assigned to process): 13M, peak: 13M
current process commit charge ("private bytes"): 65M, peak: 319M

vm_info: Java HotSpot(TM) 64-Bit Server VM (18.0.1.1+2-6) for windows-amd64 JRE (18.0.1.1+2-6), built on Apr 25 2022 21:53:15 by "mach5one" with MS VC++ 16.8 / 16.9 (VS2019)

END.
