2023-02-20 23:40:24,978 [Worker-4: Loading available Gradle versions] INFO  o.e.b.c.i.u.g.PublishedGradleVersions - Gradle version information cache is up-to-date. Trying to read.
2023-02-20 23:47:49,809 [Worker-49: http://download.eclipse.org/usssdk/updates/release/latest/content.jar] INFO  o.a.h.c.h.i.c.HttpRequestRetryExec - Recoverable I/O exception (org.apache.hc.core5.http.NoHttpResponseException) caught when processing request to {}->http://download.eclipse.org:80
2023-02-20 23:47:49,953 [Worker-52: http://download.eclipse.org/usssdk/updates/release/latest/content.xml] INFO  o.a.h.c.h.i.c.HttpRequestRetryExec - Recoverable I/O exception (org.apache.hc.core5.http.NoHttpResponseException) caught when processing request to {}->http://download.eclipse.org:80
2023-02-20 23:47:50,113 [Worker-51: http://download.eclipse.org/usssdk/updates/release/latest/content.xml.xz] INFO  o.a.h.c.h.i.c.HttpRequestRetryExec - Recoverable I/O exception (org.apache.hc.core5.http.NoHttpResponseException) caught when processing request to {}->http://download.eclipse.org:80
2023-02-20 23:47:50,274 [Worker-52: http://download.eclipse.org/usssdk/updates/release/latest/compositeContent.jar] INFO  o.a.h.c.h.i.c.HttpRequestRetryExec - Recoverable I/O exception (org.apache.hc.core5.http.NoHttpResponseException) caught when processing request to {}->http://download.eclipse.org:80
2023-02-20 23:47:50,430 [Worker-51: http://download.eclipse.org/usssdk/updates/release/latest/compositeContent.jar] INFO  o.a.h.c.h.i.c.HttpRequestRetryExec - Recoverable I/O exception (org.apache.hc.core5.http.NoHttpResponseException) caught when processing request to {}->http://download.eclipse.org:80
2023-02-20 23:47:50,719 [Worker-49: http://download.eclipse.org/usssdk/drops/release/1.2.2/p2.index] INFO  o.a.h.c.h.i.c.HttpRequestRetryExec - Recoverable I/O exception (org.apache.hc.core5.http.NoHttpResponseException) caught when processing request to {}->http://download.eclipse.org:80
2023-02-20 23:47:50,872 [Worker-51: http://download.eclipse.org/usssdk/drops/release/1.2.2/content.xml.xz] INFO  o.a.h.c.h.i.c.HttpRequestRetryExec - Recoverable I/O exception (org.apache.hc.core5.http.NoHttpResponseException) caught when processing request to {}->http://download.eclipse.org:80
2023-02-20 23:47:51,045 [Worker-49: http://download.eclipse.org/usssdk/drops/release/1.2.2/content.xml.xz] INFO  o.a.h.c.h.i.c.HttpRequestRetryExec - Recoverable I/O exception (org.apache.hc.core5.http.NoHttpResponseException) caught when processing request to {}->http://download.eclipse.org:80
2023-02-20 23:47:58,925 [Worker-51: http://download.eclipse.org/usssdk/updates/release/latest/artifacts.xml] INFO  o.a.h.c.h.i.c.HttpRequestRetryExec - Recoverable I/O exception (org.apache.hc.core5.http.NoHttpResponseException) caught when processing request to {}->http://download.eclipse.org:80
2023-02-20 23:47:59,073 [Worker-24: http://download.eclipse.org/usssdk/updates/release/latest/artifacts.xml.xz] INFO  o.a.h.c.h.i.c.HttpRequestRetryExec - Recoverable I/O exception (org.apache.hc.core5.http.NoHttpResponseException) caught when processing request to {}->http://download.eclipse.org:80
2023-02-20 23:47:59,213 [Worker-54: http://download.eclipse.org/usssdk/updates/release/latest/compositeArtifacts.jar] INFO  o.a.h.c.h.i.c.HttpRequestRetryExec - Recoverable I/O exception (org.apache.hc.core5.http.NoHttpResponseException) caught when processing request to {}->http://download.eclipse.org:80
2023-02-20 23:47:59,359 [Worker-54: http://download.eclipse.org/usssdk/updates/release/latest/compositeArtifacts.jar] INFO  o.a.h.c.h.i.c.HttpRequestRetryExec - Recoverable I/O exception (org.apache.hc.core5.http.NoHttpResponseException) caught when processing request to {}->http://download.eclipse.org:80
2023-02-20 23:47:59,495 [Worker-53: http://download.eclipse.org/usssdk/drops/release/1.2.2/artifacts.xml.xz] INFO  o.a.h.c.h.i.c.HttpRequestRetryExec - Recoverable I/O exception (org.apache.hc.core5.http.NoHttpResponseException) caught when processing request to {}->http://download.eclipse.org:80
2023-02-20 23:47:59,632 [Worker-54: http://download.eclipse.org/usssdk/drops/release/1.2.2/artifacts.xml.xz] INFO  o.a.h.c.h.i.c.HttpRequestRetryExec - Recoverable I/O exception (org.apache.hc.core5.http.NoHttpResponseException) caught when processing request to {}->http://download.eclipse.org:80
2023-02-20 23:48:04,056 [Worker-72: https://eclipse.mirror.rafal.ca/releases/2022-12/202212071000/plugins/org.eclipse.xtext.purexbase_2.29.0.v20221121-0924.jar] INFO  o.a.h.c.h.i.c.HttpRequestRetryExec - Recoverable I/O exception (org.apache.hc.core5.http.NoHttpResponseException) caught when processing request to {s}->https://eclipse.mirror.rafal.ca:443
2023-02-20 23:48:28,792 [Worker-7: Loading available Gradle versions] INFO  o.e.b.c.i.u.g.PublishedGradleVersions - Gradle version information cache is up-to-date. Trying to read.
2023-02-21 00:35:35,400 [Worker-1: Loading available Gradle versions] INFO  o.e.b.c.i.u.g.PublishedGradleVersions - Gradle version information cache is up-to-date. Trying to read.
2023-02-21 01:54:50,848 [Worker-4: Loading available Gradle versions] INFO  o.e.b.c.i.u.g.PublishedGradleVersions - Gradle version information cache is up-to-date. Trying to read.
2023-02-21 01:59:36,505 [Worker-1: Loading available Gradle versions] INFO  o.e.b.c.i.u.g.PublishedGradleVersions - Gradle version information cache is up-to-date. Trying to read.
2023-02-21 22:32:31,232 [Worker-8: Loading available Gradle versions] INFO  o.e.b.c.i.u.g.PublishedGradleVersions - Gradle version information cache is up-to-date. Trying to read.
2023-02-25 14:26:31,861 [Worker-3: Loading available Gradle versions] INFO  o.e.b.c.i.u.g.PublishedGradleVersions - Gradle version information cache is up-to-date. Trying to read.
2023-03-10 00:59:30,243 [Worker-3: Loading available Gradle versions] INFO  o.e.b.c.i.u.g.PublishedGradleVersions - Gradle version information cache is up-to-date. Trying to read.
2023-03-10 01:17:33,811 [Worker-7: Loading available Gradle versions] INFO  o.e.b.c.i.u.g.PublishedGradleVersions - Gradle version information cache is up-to-date. Trying to read.
2023-03-13 19:41:32,343 [Worker-7: Loading available Gradle versions] INFO  o.e.b.c.i.u.g.PublishedGradleVersions - Gradle version information cache is up-to-date. Trying to read.
2023-03-18 01:27:58,424 [Worker-6: Loading available Gradle versions] INFO  o.e.b.c.i.u.g.PublishedGradleVersions - Gradle version information cache is up-to-date. Trying to read.
2023-04-02 03:50:44,453 [Worker-9: Loading available Gradle versions] INFO  o.e.b.c.i.u.g.PublishedGradleVersions - Gradle version information cache is up-to-date. Trying to read.
2023-04-02 03:55:55,694 [Worker-3: Loading available Gradle versions] INFO  o.e.b.c.i.u.g.PublishedGradleVersions - Gradle version information cache is up-to-date. Trying to read.
2023-06-07 21:26:29,998 [Worker-3: Loading available Gradle versions] INFO  o.e.b.c.i.u.g.PublishedGradleVersions - Gradle version information cache is up-to-date. Trying to read.
2023-08-03 23:56:52,745 [Worker-7: Loading available Gradle versions] INFO  o.e.b.c.i.u.g.PublishedGradleVersions - Gradle version information cache is out-of-date. Trying to update.
2023-08-03 23:56:54,915 [Worker-15: http://downloads.genuitec.com/downloads/products/devstyle/updates/ds20230615/content.jar] INFO  o.a.h.c.h.i.c.HttpRequestRetryExec - Recoverable I/O exception (org.apache.hc.core5.http.NoHttpResponseException) caught when processing request to {}->http://downloads.genuitec.com:80
2023-08-03 23:56:55,026 [Worker-8: http://downloads.genuitec.com/downloads/products/devstyle/updates/ds20230615/content.jar] INFO  o.a.h.c.h.i.c.HttpRequestRetryExec - Recoverable I/O exception (org.apache.hc.core5.http.NoHttpResponseException) caught when processing request to {}->http://downloads.genuitec.com:80
2023-08-03 23:56:55,222 [Worker-14: http://downloads.genuitec.com/downloads/products/devstyle/updates/ds20230615/p2.index] INFO  o.a.h.c.h.i.c.HttpRequestRetryExec - Recoverable I/O exception (org.apache.hc.core5.http.NoHttpResponseException) caught when processing request to {}->http://downloads.genuitec.com:80
2023-08-03 23:56:55,794 [Worker-2: http://downloads.genuitec.com/downloads/products/devstyle/updates/ds20230615/artifacts.jar] INFO  o.a.h.c.h.i.c.HttpRequestRetryExec - Recoverable I/O exception (org.apache.hc.core5.http.NoHttpResponseException) caught when processing request to {}->http://downloads.genuitec.com:80
2023-08-03 23:56:55,903 [Worker-11: http://downloads.genuitec.com/downloads/products/devstyle/updates/ds20230615/artifacts.jar] INFO  o.a.h.c.h.i.c.HttpRequestRetryExec - Recoverable I/O exception (org.apache.hc.core5.http.NoHttpResponseException) caught when processing request to {}->http://downloads.genuitec.com:80
2023-08-03 23:56:57,400 [Worker-1: http://downloads.genuitec.com/downloads/products/codetogether/updates/ct20230419/artifacts.xml.xz] INFO  o.a.h.c.h.i.c.HttpRequestRetryExec - Recoverable I/O exception (org.apache.hc.core5.http.NoHttpResponseException) caught when processing request to {}->http://downloads.genuitec.com:80
2023-08-03 23:56:57,503 [Worker-15: http://downloads.genuitec.com/downloads/products/codetogether/updates/ct20230419/artifacts.xml.xz] INFO  o.a.h.c.h.i.c.HttpRequestRetryExec - Recoverable I/O exception (org.apache.hc.core5.http.NoHttpResponseException) caught when processing request to {}->http://downloads.genuitec.com:80
2023-08-03 23:56:57,652 [Worker-4: http://downloads.genuitec.com/downloads/products/devstyle/updates/ds20230615/plugins/com.genuitec.eclipse.monitor_13.0.0.202306151725.jar] INFO  o.a.h.c.h.i.c.HttpRequestRetryExec - Recoverable I/O exception (org.apache.hc.core5.http.NoHttpResponseException) caught when processing request to {}->http://downloads.genuitec.com:80
2023-08-03 23:56:57,987 [Worker-11: http://downloads.genuitec.com/downloads/products/devstyle/updates/ds20230615/plugins/com.genuitec.eclipse.theming.base.win_1.11.0.202306151725.jar] INFO  o.a.h.c.h.i.c.HttpRequestRetryExec - Recoverable I/O exception (org.apache.hc.core5.http.NoHttpResponseException) caught when processing request to {}->http://downloads.genuitec.com:80
2023-08-03 23:56:57,987 [Worker-18: http://downloads.genuitec.com/downloads/products/devstyle/updates/ds20230615/plugins/com.genuitec.eclipse.theming.epl_1.11.0.202306151725.jar] INFO  o.a.h.c.h.i.c.HttpRequestRetryExec - Recoverable I/O exception (org.apache.hc.core5.http.NoHttpResponseException) caught when processing request to {}->http://downloads.genuitec.com:80
2023-08-03 23:56:57,990 [Worker-21: http://downloads.genuitec.com/downloads/products/devstyle/updates/ds20230615/plugins/com.genuitec.eclipse.theming.core_1.11.0.202306151725.jar] INFO  o.a.h.c.h.i.c.HttpRequestRetryExec - Recoverable I/O exception (org.apache.hc.core5.http.NoHttpResponseException) caught when processing request to {}->http://downloads.genuitec.com:80
2023-08-03 23:56:57,996 [Worker-19: http://downloads.genuitec.com/downloads/products/devstyle/updates/ds20230615/plugins/com.genuitec.eclipse.theming.scrollbar_1.11.0.202306151725.jar] INFO  o.a.h.c.h.i.c.HttpRequestRetryExec - Recoverable I/O exception (org.apache.hc.core5.http.NoHttpResponseException) caught when processing request to {}->http://downloads.genuitec.com:80
2023-08-03 23:56:57,996 [Worker-18: http://downloads.genuitec.com/downloads/products/devstyle/updates/ds20230615/plugins/com.genuitec.eclipse.theming.css_1.11.0.202306151725.jar] INFO  o.a.h.c.h.i.c.HttpRequestRetryExec - Recoverable I/O exception (org.apache.hc.core5.http.NoHttpResponseException) caught when processing request to {}->http://downloads.genuitec.com:80
2023-08-03 23:56:58,234 [Worker-9: http://downloads.genuitec.com/downloads/products/devstyle/updates/ds20230615/plugins/com.genuitec.eclipse.theming.scrollbar.win_1.11.0.202306151725.jar] INFO  o.a.h.c.h.i.c.HttpRequestRetryExec - Recoverable I/O exception (org.apache.hc.core5.http.NoHttpResponseException) caught when processing request to {}->http://downloads.genuitec.com:80
2023-08-03 23:56:58,353 [Worker-18: http://downloads.genuitec.com/downloads/products/devstyle/updates/ds20230615/plugins/com.genuitec.eclipse.ui.common.platform_13.0.0.202306151725.jar] INFO  o.a.h.c.h.i.c.HttpRequestRetryExec - Recoverable I/O exception (org.apache.hc.core5.http.NoHttpResponseException) caught when processing request to {}->http://downloads.genuitec.com:80
2023-08-03 23:56:58,353 [Worker-4: http://downloads.genuitec.com/downloads/products/devstyle/updates/ds20230615/plugins/com.genuitec.eclipse.webclipse.evergreen_1.11.0.202306151725.jar] INFO  o.a.h.c.h.i.c.HttpRequestRetryExec - Recoverable I/O exception (org.apache.hc.core5.http.NoHttpResponseException) caught when processing request to {}->http://downloads.genuitec.com:80
2023-08-03 23:56:58,381 [Worker-17: http://downloads.genuitec.com/downloads/products/devstyle/updates/ds20230615/plugins/com.genuitec.eclipse.webicons_1.11.0.202306151725.jar] INFO  o.a.h.c.h.i.c.HttpRequestRetryExec - Recoverable I/O exception (org.apache.hc.core5.http.NoHttpResponseException) caught when processing request to {}->http://downloads.genuitec.com:80
2023-08-03 23:56:58,431 [Worker-21: http://downloads.genuitec.com/downloads/products/devstyle/updates/ds20230615/plugins/com.genuitec.eclipsecolortheme.api_1.11.0.202306151725.jar] INFO  o.a.h.c.h.i.c.HttpRequestRetryExec - Recoverable I/O exception (org.apache.hc.core5.http.NoHttpResponseException) caught when processing request to {}->http://downloads.genuitec.com:80
2023-08-03 23:56:58,662 [Worker-24: http://downloads.genuitec.com/downloads/products/devstyle/updates/ds20230615/features/com.genuitec.eclipse.base.feature_1.11.0.202306151725.jar] INFO  o.a.h.c.h.i.c.HttpRequestRetryExec - Recoverable I/O exception (org.apache.hc.core5.http.NoHttpResponseException) caught when processing request to {}->http://downloads.genuitec.com:80
2023-08-03 23:56:58,791 [Worker-43: http://downloads.genuitec.com/downloads/products/devstyle/updates/ds20230615/features/com.genuitec.eclipse.common.explorer.jdt.feature_1.11.0.202306151725.jar] INFO  o.a.h.c.h.i.c.HttpRequestRetryExec - Recoverable I/O exception (org.apache.hc.core5.http.NoHttpResponseException) caught when processing request to {}->http://downloads.genuitec.com:80
2023-08-03 23:56:58,885 [Worker-29: http://downloads.genuitec.com/downloads/products/devstyle/updates/ds20230615/features/com.genuitec.eclipse.theming.core.feature_1.11.0.202306151725.jar] INFO  o.a.h.c.h.i.c.HttpRequestRetryExec - Recoverable I/O exception (org.apache.hc.core5.http.NoHttpResponseException) caught when processing request to {}->http://downloads.genuitec.com:80
2023-08-03 23:56:59,110 [Worker-12: http://downloads.genuitec.com/downloads/products/devstyle/updates/ds20230615/features/com.genuitec.eclipse.theming.core.feature_1.11.0.202306151725.jar] INFO  o.a.h.c.h.i.c.HttpRequestRetryExec - Recoverable I/O exception (org.apache.hc.core5.http.NoHttpResponseException) caught when processing request to {}->http://downloads.genuitec.com:80
2023-08-03 23:56:59,134 [Worker-9: http://downloads.genuitec.com/downloads/products/devstyle/updates/ds20230615/features/com.genuitec.eclipse.theming.designer.feature_1.11.0.202306151725.jar] INFO  o.a.h.c.h.i.c.HttpRequestRetryExec - Recoverable I/O exception (org.apache.hc.core5.http.NoHttpResponseException) caught when processing request to {}->http://downloads.genuitec.com:80
2023-08-03 23:56:59,342 [Worker-23: http://downloads.genuitec.com/downloads/products/devstyle/updates/ds20230615/features/com.genuitec.eclipse.theming.designer.feature_1.11.0.202306151725.jar] INFO  o.a.h.c.h.i.c.HttpRequestRetryExec - Recoverable I/O exception (org.apache.hc.core5.http.NoHttpResponseException) caught when processing request to {}->http://downloads.genuitec.com:80
2023-08-04 01:15:59,986 [Worker-3: Loading available Gradle versions] INFO  o.e.b.c.i.u.g.PublishedGradleVersions - Gradle version information cache is up-to-date. Trying to read.
2023-08-04 01:16:00,676 [Worker-1: http://downloads.genuitec.com/downloads/products/devstyle/updates/ds20230615/content.jar] INFO  o.a.h.c.h.i.c.HttpRequestRetryExec - Recoverable I/O exception (org.apache.hc.core5.http.NoHttpResponseException) caught when processing request to {}->http://downloads.genuitec.com:80
2023-08-04 01:16:00,793 [Worker-2: http://downloads.genuitec.com/downloads/products/devstyle/updates/ds20230615/content.jar] INFO  o.a.h.c.h.i.c.HttpRequestRetryExec - Recoverable I/O exception (org.apache.hc.core5.http.NoHttpResponseException) caught when processing request to {}->http://downloads.genuitec.com:80
2023-08-04 01:16:00,999 [Worker-4: http://downloads.genuitec.com/downloads/products/devstyle/updates/ds20230615/p2.index] INFO  o.a.h.c.h.i.c.HttpRequestRetryExec - Recoverable I/O exception (org.apache.hc.core5.http.NoHttpResponseException) caught when processing request to {}->http://downloads.genuitec.com:80
2023-08-04 01:16:01,113 [Worker-11: http://downloads.genuitec.com/downloads/products/devstyle/updates/ds20230615/artifacts.jar] INFO  o.a.h.c.h.i.c.HttpRequestRetryExec - Recoverable I/O exception (org.apache.hc.core5.http.NoHttpResponseException) caught when processing request to {}->http://downloads.genuitec.com:80
2023-08-04 01:16:01,218 [Worker-8: http://downloads.genuitec.com/downloads/products/devstyle/updates/ds20230615/artifacts.jar] INFO  o.a.h.c.h.i.c.HttpRequestRetryExec - Recoverable I/O exception (org.apache.hc.core5.http.NoHttpResponseException) caught when processing request to {}->http://downloads.genuitec.com:80
2023-08-04 01:16:02,755 [Worker-9: http://downloads.genuitec.com/downloads/products/codetogether/updates/ct20230419/artifacts.xml.xz] INFO  o.a.h.c.h.i.c.HttpRequestRetryExec - Recoverable I/O exception (org.apache.hc.core5.http.NoHttpResponseException) caught when processing request to {}->http://downloads.genuitec.com:80
2023-08-04 01:16:02,899 [Worker-9: http://downloads.genuitec.com/downloads/products/devstyle/updates/ds20230615/features/com.genuitec.eclipse.theming.core.feature_1.11.0.202306151725.jar] INFO  o.a.h.c.h.i.c.HttpRequestRetryExec - Recoverable I/O exception (org.apache.hc.core5.http.NoHttpResponseException) caught when processing request to {}->http://downloads.genuitec.com:80
2023-08-04 01:25:37,677 [Worker-1: http://downloads.genuitec.com/downloads/products/devstyle/updates/ds20230615/content.jar] INFO  o.a.h.c.h.i.c.HttpRequestRetryExec - Recoverable I/O exception (org.apache.hc.core5.http.NoHttpResponseException) caught when processing request to {}->http://downloads.genuitec.com:80
2023-08-04 01:25:37,824 [Worker-27: http://downloads.genuitec.com/downloads/products/devstyle/updates/ds20230615/content.jar] INFO  o.a.h.c.h.i.c.HttpRequestRetryExec - Recoverable I/O exception (org.apache.hc.core5.http.NoHttpResponseException) caught when processing request to {}->http://downloads.genuitec.com:80
2023-09-07 00:42:32,125 [Worker-7: Loading available Gradle versions] INFO  o.e.b.c.i.u.g.PublishedGradleVersions - Gradle version information cache is out-of-date. Trying to update.
2023-09-07 17:46:29,440 [Worker-6: Loading available Gradle versions] INFO  o.e.b.c.i.u.g.PublishedGradleVersions - Gradle version information cache is up-to-date. Trying to read.
2023-10-30 23:14:45,673 [Worker-8: Loading available Gradle versions] INFO  o.e.b.c.i.u.g.PublishedGradleVersions - Gradle version information cache is up-to-date. Trying to read.
2023-11-04 02:04:38,892 [Worker-8: Loading available Gradle versions] INFO  o.e.b.c.i.u.g.PublishedGradleVersions - Gradle version information cache is out-of-date. Trying to update.
2023-11-22 01:03:25,649 [Worker-4: Loading available Gradle versions] INFO  o.e.b.c.i.u.g.PublishedGradleVersions - Gradle version information cache is up-to-date. Trying to read.
